<?xml version="1.0" encoding="UTF-8"?>
<testng-results ignored="0" total="1" passed="1" failed="0" skipped="0">
  <reporter-output>
  </reporter-output>
  <suite started-at="2020-04-15T12:03:50Z" name="Default suite" finished-at="2020-04-15T12:05:51Z" duration-ms="121323">
    <groups>
    </groups>
    <test started-at="2020-04-15T12:03:50Z" name="Default test" finished-at="2020-04-15T12:05:51Z" duration-ms="121323">
      <class name="com.delite.testscript.DELiteApp_TestScript">
        <test-method is-config="true" signature="beforeTest()[pri:0, instance:com.delite.testscript.DELiteApp_TestScript@2aa3cd93]" started-at="2020-04-15T12:03:50Z" name="beforeTest" finished-at="2020-04-15T12:03:50Z" duration-ms="18" status="PASS">
          <reporter-output>
          </reporter-output>
        </test-method> <!-- beforeTest -->
        <test-method signature="deliteAppTestScript(java.lang.String, java.lang.String, java.lang.Integer, java.lang.String, java.lang.String)[pri:0, instance:com.delite.testscript.DELiteApp_TestScript@2aa3cd93]" started-at="2020-04-15T12:03:51Z" name="deliteAppTestScript" data-provider="testData" finished-at="2020-04-15T12:05:49Z" duration-ms="118123" status="PASS">
          <params>
            <param index="0">
              <value>
                <![CDATA[Audit planning Icon]]>
              </value>
            </param>
            <param index="1">
              <value>
                <![CDATA[Audit Calendar]]>
              </value>
            </param>
            <param index="2">
              <value>
                <![CDATA[686631]]>
              </value>
            </param>
            <param index="3">
              <value>
                <![CDATA[Dashboard Icon]]>
              </value>
            </param>
            <param index="4">
              <value>
                <![CDATA[My Dashboard]]>
              </value>
            </param>
          </params>
          <reporter-output>
          </reporter-output>
        </test-method> <!-- deliteAppTestScript -->
        <test-method is-config="true" signature="afterMethod()[pri:0, instance:com.delite.testscript.DELiteApp_TestScript@2aa3cd93]" started-at="2020-04-15T12:05:49Z" name="afterMethod" finished-at="2020-04-15T12:05:51Z" duration-ms="1682" status="PASS">
          <reporter-output>
          </reporter-output>
        </test-method> <!-- afterMethod -->
      </class> <!-- com.delite.testscript.DELiteApp_TestScript -->
    </test> <!-- Default test -->
  </suite> <!-- Default suite -->
</testng-results>
